[debug] [2021-02-11T01:54:28.479Z] ----------------------------------------------------------------------
[debug] [2021-02-11T01:54:28.480Z] Command:       /usr/local/Cellar/node/15.5.0/bin/node /usr/local/bin/firebase deploy
[debug] [2021-02-11T01:54:28.480Z] CLI Version:   9.3.0
[debug] [2021-02-11T01:54:28.480Z] Platform:      darwin
[debug] [2021-02-11T01:54:28.481Z] Node Version:  v15.5.0
[debug] [2021-02-11T01:54:28.481Z] Time:          Wed Feb 10 2021 17:54:28 GMT-0800 (Pacific Standard Time)
[debug] [2021-02-11T01:54:28.482Z] ----------------------------------------------------------------------
[debug] [2021-02-11T01:54:28.482Z] 
[debug] [2021-02-11T01:54:28.487Z] > command requires scopes: ["email","openid","https://www.googleapis.com/auth/cloudplatformprojects.readonly","https://www.googleapis.com/auth/firebase","https://www.googleapis.com/auth/cloud-platform"]
[debug] [2021-02-11T01:54:28.488Z] > authorizing via signed-in user
[debug] [2021-02-11T01:54:28.488Z] [iam] checking project easeattendance-c68ed for permissions ["cloudfunctions.functions.create","cloudfunctions.functions.delete","cloudfunctions.functions.get","cloudfunctions.functions.list","cloudfunctions.functions.update","cloudfunctions.operations.get","firebase.projects.get","firebasehosting.sites.update"]
[debug] [2021-02-11T01:54:28.491Z] > refreshing access token with scopes: ["email","https://www.googleapis.com/auth/cloud-platform","https://www.googleapis.com/auth/cloudplatformprojects.readonly","https://www.googleapis.com/auth/firebase","openid"]
[debug] [2021-02-11T01:54:28.491Z] >>> HTTP REQUEST POST https://www.googleapis.com/oauth2/v3/token  
 <request body omitted>
[debug] [2021-02-11T01:54:28.690Z] <<< HTTP RESPONSE 200 {"cache-control":"no-cache, no-store, max-age=0, must-revalidate","pragma":"no-cache","expires":"Mon, 01 Jan 1990 00:00:00 GMT","date":"Thu, 11 Feb 2021 01:54:28 GMT","content-type":"application/json; charset=utf-8","vary":"X-Origin, Referer, Origin,Accept-Encoding","server":"scaffolding on HTTPServer2","x-xss-protection":"0","x-frame-options":"SAMEORIGIN","x-content-type-options":"nosniff","alt-svc":"h3-29=\":443\"; ma=2592000,h3-T051=\":443\"; ma=2592000,h3-Q050=\":443\"; ma=2592000,h3-Q046=\":443\"; ma=2592000,h3-Q043=\":443\"; ma=2592000,quic=\":443\"; ma=2592000; v=\"46,43\"","accept-ranges":"none","transfer-encoding":"chunked"}
[debug] [2021-02-11T01:54:28.719Z] >>> HTTP REQUEST POST https://cloudresourcemanager.googleapis.com/v1/projects/easeattendance-c68ed:testIamPermissions  
 {"permissions":["cloudfunctions.functions.create","cloudfunctions.functions.delete","cloudfunctions.functions.get","cloudfunctions.functions.list","cloudfunctions.functions.update","cloudfunctions.operations.get","firebase.projects.get","firebasehosting.sites.update"]}
[debug] [2021-02-11T01:54:28.885Z] <<< HTTP RESPONSE 200 {"content-type":"application/json; charset=UTF-8","vary":"X-Origin, Referer, Origin,Accept-Encoding","date":"Thu, 11 Feb 2021 01:54:28 GMT","server":"ESF","cache-control":"private","x-xss-protection":"0","x-frame-options":"SAMEORIGIN","x-content-type-options":"nosniff","server-timing":"gfet4t7; dur=69","alt-svc":"h3-29=\":443\"; ma=2592000,h3-T051=\":443\"; ma=2592000,h3-Q050=\":443\"; ma=2592000,h3-Q046=\":443\"; ma=2592000,h3-Q043=\":443\"; ma=2592000,quic=\":443\"; ma=2592000; v=\"46,43\"","accept-ranges":"none","transfer-encoding":"chunked"}
[debug] [2021-02-11T01:54:28.886Z] >>> HTTP REQUEST POST https://iam.googleapis.com/v1/projects/easeattendance-c68ed/serviceAccounts/easeattendance-c68ed@appspot.gserviceaccount.com:testIamPermissions  
 {"permissions":["iam.serviceAccounts.actAs"]}
[debug] [2021-02-11T01:54:29.087Z] <<< HTTP RESPONSE 200 {"content-type":"application/json; charset=UTF-8","vary":"X-Origin, Referer, Origin,Accept-Encoding","date":"Thu, 11 Feb 2021 01:54:29 GMT","server":"ESF","cache-control":"private","x-xss-protection":"0","x-frame-options":"SAMEORIGIN","x-content-type-options":"nosniff","alt-svc":"h3-29=\":443\"; ma=2592000,h3-T051=\":443\"; ma=2592000,h3-Q050=\":443\"; ma=2592000,h3-Q046=\":443\"; ma=2592000,h3-Q043=\":443\"; ma=2592000,quic=\":443\"; ma=2592000; v=\"46,43\"","accept-ranges":"none","transfer-encoding":"chunked"}
[debug] [2021-02-11T01:54:29.088Z] > refreshing access token with scopes: []
[debug] [2021-02-11T01:54:29.088Z] >>> HTTP REQUEST POST https://www.googleapis.com/oauth2/v3/token  
 <request body omitted>
[debug] [2021-02-11T01:54:29.268Z] <<< HTTP RESPONSE 200 {"cache-control":"no-cache, no-store, max-age=0, must-revalidate","date":"Thu, 11 Feb 2021 01:54:29 GMT","pragma":"no-cache","expires":"Mon, 01 Jan 1990 00:00:00 GMT","content-type":"application/json; charset=utf-8","vary":"X-Origin, Referer, Origin,Accept-Encoding","server":"scaffolding on HTTPServer2","x-xss-protection":"0","x-frame-options":"SAMEORIGIN","x-content-type-options":"nosniff","alt-svc":"h3-29=\":443\"; ma=2592000,h3-T051=\":443\"; ma=2592000,h3-Q050=\":443\"; ma=2592000,h3-Q046=\":443\"; ma=2592000,h3-Q043=\":443\"; ma=2592000,quic=\":443\"; ma=2592000; v=\"46,43\"","accept-ranges":"none","transfer-encoding":"chunked"}
[debug] [2021-02-11T01:54:29.296Z] >>> [apiv2][query] GET https://firebase.googleapis.com/v1beta1/projects/easeattendance-c68ed [none]
[debug] [2021-02-11T01:54:29.512Z] <<< [apiv2][status] GET https://firebase.googleapis.com/v1beta1/projects/easeattendance-c68ed 200
[debug] [2021-02-11T01:54:29.512Z] <<< [apiv2][body] GET https://firebase.googleapis.com/v1beta1/projects/easeattendance-c68ed {"projectId":"easeattendance-c68ed","projectNumber":"200365032412","displayName":"EaseAttendance","name":"projects/easeattendance-c68ed","resources":{"hostingSite":"easeattendance-c68ed","realtimeDatabaseInstance":"easeattendance-c68ed-default-rtdb","storageBucket":"easeattendance-c68ed.appspot.com","locationId":"us-central"},"state":"ACTIVE"}
[info] 
[info] === Deploying to 'easeattendance-c68ed'...
[info] 
[info] i  deploying functions, hosting 
[debug] [2021-02-11T01:54:30.622Z] > [functions] package.json contents: {
  "name": "zoom-chatbot-ease-attendance",
  "version": "1.0.0",
  "description": "",
  "main": "index.js",
  "scripts": {
    "start": "node index.js"
  },
  "author": "",
  "license": "ISC",
  "dependencies": {
    "body-parser": "^1.19.0",
    "cookie-parser": "^1.4.5",
    "dotenv": "^8.2.0",
    "express": "^4.17.1",
    "firebase": "^8.2.5",
    "firebase-admin": "^9.4.2",
    "firebase-functions": "^3.13.1",
    "firebaseui": "^4.7.1",
    "fs": "^0.0.1-security",
    "http": "^0.0.1-security",
    "https": "^1.0.0",
    "jquery": "^3.5.1",
    "mongodb": "^3.6.3",
    "mongoose": "^5.11.11",
    "nodemailer": "^6.4.17",
    "path": "^0.12.7",
    "pg": "^8.5.1",
    "request": "^2.88.2",
    "require": "^0.4.4",
    "requirejs": "^2.3.6",
    "socket.io": "^3.0.5",
    "socketio": "^1.0.0",
    "ws": "^7.4.2"
  },
  "devDependencies": {
    "firebase-functions": "^3.13.1"
  }
}
[info] i  functions: ensuring required API cloudfunctions.googleapis.com is enabled... 
[debug] [2021-02-11T01:54:31.189Z] > refreshing access token with scopes: ["email","https://www.googleapis.com/auth/cloud-platform","https://www.googleapis.com/auth/cloudplatformprojects.readonly","https://www.googleapis.com/auth/firebase","openid"]
[debug] [2021-02-11T01:54:31.189Z] >>> HTTP REQUEST POST https://www.googleapis.com/oauth2/v3/token  
 <request body omitted>
[debug] [2021-02-11T01:54:31.190Z] > refreshing access token with scopes: ["email","https://www.googleapis.com/auth/cloud-platform","https://www.googleapis.com/auth/cloudplatformprojects.readonly","https://www.googleapis.com/auth/firebase","openid"]
[debug] [2021-02-11T01:54:31.190Z] >>> HTTP REQUEST POST https://www.googleapis.com/oauth2/v3/token  
 <request body omitted>
[info] i  functions: ensuring required API cloudbuild.googleapis.com is enabled... 
[debug] [2021-02-11T01:54:31.190Z] > refreshing access token with scopes: ["email","https://www.googleapis.com/auth/cloud-platform","https://www.googleapis.com/auth/cloudplatformprojects.readonly","https://www.googleapis.com/auth/firebase","openid"]
[debug] [2021-02-11T01:54:31.191Z] >>> HTTP REQUEST POST https://www.googleapis.com/oauth2/v3/token  
 <request body omitted>
[debug] [2021-02-11T01:54:31.344Z] <<< HTTP RESPONSE 200 {"expires":"Mon, 01 Jan 1990 00:00:00 GMT","cache-control":"no-cache, no-store, max-age=0, must-revalidate","pragma":"no-cache","date":"Thu, 11 Feb 2021 01:54:31 GMT","content-type":"application/json; charset=utf-8","vary":"X-Origin, Referer, Origin,Accept-Encoding","server":"scaffolding on HTTPServer2","x-xss-protection":"0","x-frame-options":"SAMEORIGIN","x-content-type-options":"nosniff","alt-svc":"h3-29=\":443\"; ma=2592000,h3-T051=\":443\"; ma=2592000,h3-Q050=\":443\"; ma=2592000,h3-Q046=\":443\"; ma=2592000,h3-Q043=\":443\"; ma=2592000,quic=\":443\"; ma=2592000; v=\"46,43\"","accept-ranges":"none","transfer-encoding":"chunked"}
[debug] [2021-02-11T01:54:31.370Z] >>> HTTP REQUEST GET https://serviceusage.googleapis.com/v1/projects/easeattendance-c68ed/services/cloudfunctions.googleapis.com  
 
[debug] [2021-02-11T01:54:31.372Z] <<< HTTP RESPONSE 200 {"date":"Thu, 11 Feb 2021 01:54:31 GMT","cache-control":"no-cache, no-store, max-age=0, must-revalidate","expires":"Mon, 01 Jan 1990 00:00:00 GMT","pragma":"no-cache","content-type":"application/json; charset=utf-8","vary":"X-Origin, Referer, Origin,Accept-Encoding","server":"scaffolding on HTTPServer2","x-xss-protection":"0","x-frame-options":"SAMEORIGIN","x-content-type-options":"nosniff","alt-svc":"h3-29=\":443\"; ma=2592000,h3-T051=\":443\"; ma=2592000,h3-Q050=\":443\"; ma=2592000,h3-Q046=\":443\"; ma=2592000,h3-Q043=\":443\"; ma=2592000,quic=\":443\"; ma=2592000; v=\"46,43\"","accept-ranges":"none","transfer-encoding":"chunked"}
[debug] [2021-02-11T01:54:31.397Z] >>> HTTP REQUEST GET https://serviceusage.googleapis.com/v1/projects/easeattendance-c68ed/services/runtimeconfig.googleapis.com  
 
[debug] [2021-02-11T01:54:31.397Z] <<< HTTP RESPONSE 200 {"date":"Thu, 11 Feb 2021 01:54:31 GMT","pragma":"no-cache","expires":"Mon, 01 Jan 1990 00:00:00 GMT","cache-control":"no-cache, no-store, max-age=0, must-revalidate","content-type":"application/json; charset=utf-8","vary":"X-Origin, Referer, Origin,Accept-Encoding","server":"scaffolding on HTTPServer2","x-xss-protection":"0","x-frame-options":"SAMEORIGIN","x-content-type-options":"nosniff","alt-svc":"h3-29=\":443\"; ma=2592000,h3-T051=\":443\"; ma=2592000,h3-Q050=\":443\"; ma=2592000,h3-Q046=\":443\"; ma=2592000,h3-Q043=\":443\"; ma=2592000,quic=\":443\"; ma=2592000; v=\"46,43\"","accept-ranges":"none","transfer-encoding":"chunked"}
[debug] [2021-02-11T01:54:31.423Z] >>> HTTP REQUEST GET https://serviceusage.googleapis.com/v1/projects/easeattendance-c68ed/services/cloudbuild.googleapis.com  
 
[debug] [2021-02-11T01:54:31.835Z] <<< HTTP RESPONSE 200 {"content-type":"application/json; charset=UTF-8","vary":"X-Origin, Referer, Origin,Accept-Encoding","date":"Thu, 11 Feb 2021 01:54:31 GMT","server":"ESF","cache-control":"private","x-xss-protection":"0","x-frame-options":"SAMEORIGIN","x-content-type-options":"nosniff","alt-svc":"h3-29=\":443\"; ma=2592000,h3-T051=\":443\"; ma=2592000,h3-Q050=\":443\"; ma=2592000,h3-Q046=\":443\"; ma=2592000,h3-Q043=\":443\"; ma=2592000,quic=\":443\"; ma=2592000; v=\"46,43\"","accept-ranges":"none","transfer-encoding":"chunked"}
[info] ✔  functions: required API cloudbuild.googleapis.com is enabled 
[debug] [2021-02-11T01:54:31.849Z] <<< HTTP RESPONSE 200 {"content-type":"application/json; charset=UTF-8","vary":"X-Origin, Referer, Origin,Accept-Encoding","date":"Thu, 11 Feb 2021 01:54:31 GMT","server":"ESF","cache-control":"private","x-xss-protection":"0","x-frame-options":"SAMEORIGIN","x-content-type-options":"nosniff","alt-svc":"h3-29=\":443\"; ma=2592000,h3-T051=\":443\"; ma=2592000,h3-Q050=\":443\"; ma=2592000,h3-Q046=\":443\"; ma=2592000,h3-Q043=\":443\"; ma=2592000,quic=\":443\"; ma=2592000; v=\"46,43\"","accept-ranges":"none","transfer-encoding":"chunked"}
[debug] [2021-02-11T01:54:31.889Z] <<< HTTP RESPONSE 200 {"content-type":"application/json; charset=UTF-8","vary":"X-Origin, Referer, Origin,Accept-Encoding","date":"Thu, 11 Feb 2021 01:54:31 GMT","server":"ESF","cache-control":"private","x-xss-protection":"0","x-frame-options":"SAMEORIGIN","x-content-type-options":"nosniff","alt-svc":"h3-29=\":443\"; ma=2592000,h3-T051=\":443\"; ma=2592000,h3-Q050=\":443\"; ma=2592000,h3-Q046=\":443\"; ma=2592000,h3-Q043=\":443\"; ma=2592000,quic=\":443\"; ma=2592000; v=\"46,43\"","accept-ranges":"none","transfer-encoding":"chunked"}
[info] ✔  functions: required API cloudfunctions.googleapis.com is enabled 
[debug] [2021-02-11T01:54:31.890Z] >>> HTTP REQUEST GET https://firebase.googleapis.com/v1beta1/projects/easeattendance-c68ed/adminSdkConfig  
 
[debug] [2021-02-11T01:54:32.155Z] <<< HTTP RESPONSE 200 {"content-type":"application/json; charset=UTF-8","vary":"X-Origin, Referer, Origin,Accept-Encoding","date":"Thu, 11 Feb 2021 01:54:32 GMT","server":"ESF","cache-control":"private","x-xss-protection":"0","x-frame-options":"SAMEORIGIN","x-content-type-options":"nosniff","alt-svc":"h3-29=\":443\"; ma=2592000,h3-T051=\":443\"; ma=2592000,h3-Q050=\":443\"; ma=2592000,h3-Q046=\":443\"; ma=2592000,h3-Q043=\":443\"; ma=2592000,quic=\":443\"; ma=2592000; v=\"46,43\"","accept-ranges":"none","transfer-encoding":"chunked"}
[debug] [2021-02-11T01:54:32.158Z] >>> HTTP REQUEST POST https://firebasehosting.googleapis.com/v1beta1/sites/easeattendance-c68ed/versions  
 {"config":{"rewrites":[{"glob":"**","function":"app"}],"cleanUrls":true},"labels":{"deployment-tool":"cli-firebase"}}
[debug] [2021-02-11T01:54:32.753Z] <<< HTTP RESPONSE 200 {"content-type":"application/json; charset=UTF-8","vary":"X-Origin, Referer, Origin,Accept-Encoding","date":"Thu, 11 Feb 2021 01:54:32 GMT","server":"ESF","cache-control":"private","x-xss-protection":"0","x-frame-options":"SAMEORIGIN","x-content-type-options":"nosniff","alt-svc":"h3-29=\":443\"; ma=2592000,h3-T051=\":443\"; ma=2592000,h3-Q050=\":443\"; ma=2592000,h3-Q046=\":443\"; ma=2592000,h3-Q043=\":443\"; ma=2592000,quic=\":443\"; ma=2592000; v=\"46,43\"","accept-ranges":"none","transfer-encoding":"chunked"}
[info] i  functions: preparing functions directory for uploading... 
[debug] [2021-02-11T01:54:32.755Z] >>> HTTP REQUEST GET https://runtimeconfig.googleapis.com/v1beta1/projects/easeattendance-c68ed/configs  
 
[debug] [2021-02-11T01:54:33.017Z] <<< HTTP RESPONSE 200 {"content-type":"application/json; charset=UTF-8","vary":"X-Origin, Referer, Origin,Accept-Encoding","date":"Thu, 11 Feb 2021 01:54:33 GMT","server":"ESF","cache-control":"private","x-xss-protection":"0","x-frame-options":"SAMEORIGIN","x-content-type-options":"nosniff","alt-svc":"h3-29=\":443\"; ma=2592000,h3-T051=\":443\"; ma=2592000,h3-Q050=\":443\"; ma=2592000,h3-Q046=\":443\"; ma=2592000,h3-Q043=\":443\"; ma=2592000,quic=\":443\"; ma=2592000; v=\"46,43\"","accept-ranges":"none","transfer-encoding":"chunked"}
[info] i  functions: packaged functions (88.4 KB) for uploading 
[debug] [2021-02-11T01:54:33.447Z] >>> HTTP REQUEST GET https://cloudfunctions.googleapis.com/v1/projects/easeattendance-c68ed/locations/-/functions  
 
[debug] [2021-02-11T01:54:33.992Z] <<< HTTP RESPONSE 200 {"content-type":"application/json; charset=UTF-8","vary":"X-Origin, Referer, Origin,Accept-Encoding","date":"Thu, 11 Feb 2021 01:54:34 GMT","server":"ESF","cache-control":"private","x-xss-protection":"0","x-frame-options":"SAMEORIGIN","x-content-type-options":"nosniff","alt-svc":"h3-29=\":443\"; ma=2592000,h3-T051=\":443\"; ma=2592000,h3-Q050=\":443\"; ma=2592000,h3-Q046=\":443\"; ma=2592000,h3-Q043=\":443\"; ma=2592000,quic=\":443\"; ma=2592000; v=\"46,43\"","accept-ranges":"none","transfer-encoding":"chunked"}
[debug] [2021-02-11T01:54:33.993Z] >>> HTTP REQUEST POST https://cloudfunctions.googleapis.com/v1/projects/easeattendance-c68ed/locations/us-central1/functions:generateUploadUrl  
 
[debug] [2021-02-11T01:54:34.887Z] <<< HTTP RESPONSE 200 {"content-type":"application/json; charset=UTF-8","vary":"X-Origin, Referer, Origin,Accept-Encoding","date":"Thu, 11 Feb 2021 01:54:34 GMT","server":"ESF","cache-control":"private","x-xss-protection":"0","x-frame-options":"SAMEORIGIN","x-content-type-options":"nosniff","alt-svc":"h3-29=\":443\"; ma=2592000,h3-T051=\":443\"; ma=2592000,h3-Q050=\":443\"; ma=2592000,h3-Q046=\":443\"; ma=2592000,h3-Q043=\":443\"; ma=2592000,quic=\":443\"; ma=2592000; v=\"46,43\"","accept-ranges":"none","transfer-encoding":"chunked"}
[debug] [2021-02-11T01:54:34.888Z] >>> HTTP REQUEST PUT https://storage.googleapis.com/gcf-upload-us-central1-fa5a48e6-e154-4cad-b2cd-cf055973fc31/bddaa3ed-efb7-4f3c-8b86-5894c22ac65c.zip?GoogleAccessId=service-200365032412@gcf-admin-robot.iam.gserviceaccount.com&Expires=1613010274&Signature=H1K20zie4P%2F2vHGutXhjTn0K5AFFkCJMJu%2FgzGXkrSf98yZzuiz2uMiEPr%2BdtP5TyOHjGs6NuJVMaarhIEQGw0Z0JkEoUtJWYLD5FDPR1%2FzikXTuSOmA5cZQnCVF6%2BiTcALfbLKGPVr72N9RlyyBgqtAiKI%2FMqfeN%2FgE5VGgn%2BOKx33aSjLBGxe7x5PCx8kKPAuBJVgMVtNwR%2FjOwwg7xuVlFDE%2Fhlxl40uMDWvWXycejWZJZJhn9RutbBBQ%2FDvdD6zW4Gvke1xth1VqrxKDsKJUd%2BpJBWRolraMtFbB0xAvX%2BJ6cDmtMyfbzAP7LBcFY8vabmKjRDwSC3HIlkAqag%3D%3D  
 <request body omitted>
[debug] [2021-02-11T01:54:35.229Z] <<< HTTP RESPONSE 200 {"x-guploader-uploadid":"ABg5-Uzq1Gm66Cp_r4Qo7E284HeQVxAIy8QWJdaGUGw-_WNNsQXbRMpPelbGmKYV2FMGusnadXBohw8WjXzrs99-ROkifWQNUA","etag":"\"3c46b22e1bc2880c3b2336e7c1a8a888\"","x-goog-generation":"1613008475285919","x-goog-metageneration":"1","x-goog-hash":"crc32c=G0LiMg==, md5=PEayLhvCiAw7IzbnwaioiA==","x-goog-stored-content-length":"90526","x-goog-stored-content-encoding":"identity","vary":"Origin","content-length":"0","date":"Thu, 11 Feb 2021 01:54:35 GMT","server":"UploadServer","content-type":"text/html; charset=UTF-8","alt-svc":"h3-29=\":443\"; ma=2592000,h3-T051=\":443\"; ma=2592000,h3-Q050=\":443\"; ma=2592000,h3-Q046=\":443\"; ma=2592000,h3-Q043=\":443\"; ma=2592000,quic=\":443\"; ma=2592000; v=\"46,43\""}
[info] ✔  functions: functions folder uploaded successfully 
[info] i  hosting[easeattendance-c68ed]: beginning deploy... 
[info] i  hosting[easeattendance-c68ed]: found 75 files in public 
[debug] [2021-02-11T01:54:35.255Z] > refreshing access token with scopes: []
[debug] [2021-02-11T01:54:35.255Z] >>> HTTP REQUEST POST https://www.googleapis.com/oauth2/v3/token  
 <request body omitted>
[debug] [2021-02-11T01:54:35.257Z] [hosting] hash cache [cHVibGlj] stored for 75 files
[debug] [2021-02-11T01:54:35.257Z] [hosting][hash queue][FINAL] {"max":5,"min":0,"avg":0.3062342144302793,"active":0,"complete":75,"success":75,"errored":0,"retried":0,"total":75,"elapsed":9}
[debug] [2021-02-11T01:54:35.429Z] <<< HTTP RESPONSE 200 {"pragma":"no-cache","cache-control":"no-cache, no-store, max-age=0, must-revalidate","expires":"Mon, 01 Jan 1990 00:00:00 GMT","date":"Thu, 11 Feb 2021 01:54:35 GMT","content-type":"application/json; charset=utf-8","vary":"X-Origin, Referer, Origin,Accept-Encoding","server":"scaffolding on HTTPServer2","x-xss-protection":"0","x-frame-options":"SAMEORIGIN","x-content-type-options":"nosniff","alt-svc":"h3-29=\":443\"; ma=2592000,h3-T051=\":443\"; ma=2592000,h3-Q050=\":443\"; ma=2592000,h3-Q046=\":443\"; ma=2592000,h3-Q043=\":443\"; ma=2592000,quic=\":443\"; ma=2592000; v=\"46,43\"","accept-ranges":"none","transfer-encoding":"chunked"}
[debug] [2021-02-11T01:54:35.457Z] >>> [apiv2][query] POST https://firebasehosting.googleapis.com/v1beta1/sites/easeattendance-c68ed/versions/93f85fbcea08f1ac:populateFiles [none]
[debug] [2021-02-11T01:54:35.457Z] >>> [apiv2][body] POST https://firebasehosting.googleapis.com/v1beta1/sites/easeattendance-c68ed/versions/93f85fbcea08f1ac:populateFiles {"files":{"/.DS_Store":"8980445f8e11c53acc6ec8a758d19467cc419fa7c4bbd52c95e7a1160f779ed7","/aboutus.css":"7011b3306998dd1b37133665f012f1793260fba9c464db6e78dc383492e6d8be","/aboutus.html":"409403bc61db0a2410cba3fd7c9f1cab563f852c04eb7f46d7d374a327bbeaa3","/auth.js":"e13618fb8126dca2306461126341e5d12362ce2c7b3051399960e4b89092637b","/dashboard.css":"4ffe39760da3201ffa39e3d494ff2b422ac725b4fd25acd8e575383282f53b61","/dashboard.html":"9a27edd1a02abcb66a2e8d0e2ce51756832b683772125944cf4973ed5bf85c64","/dashboard.js":"01605ee007098ac232d3ad5e52a38172178cc7523696f9f8147edb1f79fce2d4","/footer.css":"bd986ed2839f92e639f680c399159120c07995ff17d4c02eb1a399d96028ec22","/forgotpass.css":"8287975be5e0673d1cb56694ad4b1e9757d8bfbe381468460b30ddaaab54e1a2","/forgotpass.html":"16ebc7a90b83155d40bba9ee2dd9c44a2502bd0e095ca348721e2f9f83bf54a2","/forgotpass.js":"5f8986b8e0d4da972774639dc1d272b8bf358bd83801861aa1d09a3fede1f807","/getting-started.css":"1ed9f47e2f557ad1db1acb50cf718ec38f783aa655d473df08c965d2b6081f02","/getting-started.html":"c707159993a7696b7dd6bfca6adca4e650fe549cd40eceeb20c88cc78014d403","/index.css":"828f7570b0ca4e01f0879d6c0d5c6788b8bcdcc71b651e4cfdcaf50b34e2cf14","/index.html":"f6f419e37472a2f6204c0e63e4e875379eb8bb7ad0f5d4229c44647cf7095c42","/login.css":"389b675993fe1399914b529dcc4914bff9736696f2807a835bac5a93e6c086b0","/login.html":"d296bce03395b22f7fc7afdd0f6183f9437707c38da25acbf39105ec0282f5af","/main.js":"51a34fe50e59a1c50dc2940bc3ee5045add0bae5c7568e61657f30ee0f66b12e","/nav-footer.js":"ecdc66aa4af6a67a4be8c451e380828d098ed60572a430c1f7b090c0c7b58d25","/navbar.css":"3fba38c11157d490e17b5216628258422dd222b6dc4da1a4da9039fcff8b8f3d","/privacy-terms.css":"883d1414585e53b15f63517a8b9f00da05bb6cb16487e1bd9a56a4a24b03601a","/privacy.html":"743817f7b64a412f4afd59bb37d3716799c97f8e0ef5fcf8403cf562b7229f6b","/signup.css":"941f2804d3aabbf5758c3080eb732f5b148f1428b2c4576fbdf1677ad2e16e8d","/signup.html":"db95d072d22658f38c0eb1c102ed3771dec1e5e9feec7333358855b06164318d","/terms.html":"a49e3ee11f2f2122862d78e9d0c29141b659bb03de51659aa083b3fe7982cc59","/verify.css":"d0cda2b05808c2fa2b22fdec99e0837435f68abab325aafacb21e0b0cf42f5d0","/verify.html":"8f408970fae94cea7b27929271a8e01d972e105a4162def3e5ac452368e801f6","/verify.js":"1494b9ac0a3250aa27561abfdf7106ac722ab47e7b925cfde3008f47d5453b68","/Animations/landing-page-animation.json":"6ecaa21c8a99cb73919a3fdb7b27c4af82a61e408ccd390a5292dfb841aaeeb6","/Images/Add-meeting-from-end.png":"c265d8655cc6de83947530e2e068e183c187e9ce9dfa17ea7aba6c40efed3e63","/Images/AdityaPatel.jpg":"1305a5f44a6dce47e987d2c834db40aefbf20e90b45e252dd3c764abf201d811","/Images/Ease Attendance Header Logo.png":"d302eb9a24c3f1804885ef8accd84bbc5bad1627da04e1ba84eae4d0c849d54b","/Images/Ease Attendance Logo.png":"1ef3757fa972deb00f7d01064ba705e39bd245b8b7999c2f42a44365396a3d2b","/Images/My-meetings.png":"daed898a212beda5040ae7a1390f22a6bddf00e027a10747e48997f88b8a830f","/Images/Search-Ease.png":"4c8bbe30478afd26177b67c701c3768c5ec4e9a9604d615d7416c980376d7b2f","/Images/TeacherImage1.png":"e870c82c74f314c6ea7c367093cc20d2045c477ea7e47c0fc701a0b473cd7221","/Images/VarunChitturi.png":"00094a63b2cfa970dee0ab0cc3a2595b1d25d2a4fc3fefbb5ecc38f7a15dda0b","/Images/Zoom-Marketplace.png":"0aa6c474d6c3835b42eb3188fd6879a50017428b594683141fd7a9378ba2e7f1","/Images/aboutusBackgound.png":"a7cde89c8156e0c79dd2928b514e717703ca7c66ea378259a8a61252671b0422","/Images/add-meeting-popup.png":"aaf4afcbf1f110504f7eaf3e71a10e8720af4150b958892dac4797b4cf13534b","/Images/add-meeting.png":"d1859c36cd014e769d84d18afdf3fbc6259b7776b7b5a03f8b68991b00458281","/Images/done-adding-meeting.png":"72e29513a84288a652d8a3741bef9ff802550b298871f3befb41f72b259ca3d1","/Images/landing-ease.png":"b119db362d061d81315ef72c86463be4f64ef202347247bc2ce670dac98f1f48","/Images/mountain-back.jpg":"cf57aafced2386a19916990c258c0d0b95f607fd286165f895b1f8e7e8b50210","/Images/not-registered-meeting.png":"d57477842406354817075c63d96b31bfb207a0714618209c7d611c88a8656b8b","/Images/sign-up-ease.png":"16bf4689f1e937702d7247d7ce51e0caf8c068e91c238814ea952f5ca2fecc70","/Images/teacherImage2.png":"4e8fece5b6c2d1395d77e50de7f4c6490519dbe842d142ea64cf33b96b45ef0c","/Images/updated-meeting.png":"9c371f0b7b7c053ec32bdc4ca9490af4c36c41431182b63f735c82bf04d220dd","/Images/verify-ease.png":"3cacab21ec45acfee3da69a7ca432dceb728498f77ced7565e19c92c8674a730","/fonts/material-icon/css/material-design-iconic-font.css":"b867a0dd0703c667a2a66765a63023cb6032d13124611923fac5a61b9d3784ff","/fonts/material-icon/css/material-design-iconic-font.min.css":"b67033ab42bbc2f7d276dd22cc950809497fac995245f0f5c970216ea6aa4b2d","/fonts/material-icon/fonts/Material-Design-Iconic-Font.eot":"234e2442b2f4585ca5ebb23f5ec966fbdf01cb6f2f1175abf46238eb5c2da572","/fonts/material-icon/fonts/Material-Design-Iconic-Font.svg":"9844de734044dcb8e547124e942cb79278e47ebd5507077e01a05a47134ba0b7","/fonts/material-icon/fonts/Material-Design-Iconic-Font.ttf":"ef2a2cf9b288d4471edfb58db057c7e3d3a4f5e1148e4b87521bb95fb6063511","/fonts/material-icon/fonts/Material-Design-Iconic-Font.woff":"9c18796c273030461a6ea7a9efa0ee15d1daab056eb656825c99e07653a8d02d","/fonts/material-icon/fonts/Material-Design-Iconic-Font.woff2":"034de3a8ae77cd5066c34a550800c0421d1c655b4a0dda2cf5cb0a7b22762fb9","/modules/all.min.css":"ca3fc1ff249e853919826823a2708e35dbb6319b8fc5852e47a7389e60b7b2d8","/modules/animate.css":"ee0072d946b49839662fcac75b9f03573003d4c350f58bbfdc9146a802b18199","/modules/bootstrap.css":"b48e381e4cd576a20d9a01c281c8c9a9bf97626f643692dcd32b69990eb57fc2","/modules/bootstrap.js":"390767e2d6dee08452045aa5d560d1ab8589bfcaff547b07839b4ea020d4ecf3","/modules/font-awesome.css":"d7a84fa932080823a63f0696ac7c235bc92216b56a7d3070145a236fbfc838c5","/modules/jquery-3.3.1.slim.js":"8ff7baddae4b6f69f42b660ec5a3768bf2141f30e934b98a0ff80af1ef56e058","/modules/jquery.js":"eb97cf30214160ce9dc4e346437e5214abff04be4ad82765762a0b3bc75d0008","/modules/lottie.js":"90c204a60d6333b8e04581570671e427a6a16388212f950b83e69cc66899e187","/modules/mdbootstrap.js":"366d22ae2049bdcbf2290c623082111bd15e0fa8c519e071b9d81b64627f60f1","/modules/mdbootstrap.min.css":"69787a326dfee0ba1f78f9e16c31cee7252aeb9ce958200a42a335a6238e59d7","/modules/twitter-bootstrap.css":"cea6bcc2710c13deb2be0fcc4c63f3885e545c44e37371bfa8b4bc72432b7dcb","/vendor/.DS_Store":"a28f16383a9aa9614e762f1a54318ee83c871f85603bce77e12719f25f24c033","/vendor/jquery.input-allow.js":"34d038815cbb1fd461870413fff56dd0da70a34f897089536bdf91f2ddebc870","/vendor/jquery/jquery-ui.min.js":"b536a242bf08ccd3ec4a89dc53220a8333f82289d4cf2beb1b8c3bd3aa900afc","/vendor/jquery/jquery.min.js":"165f92fc96727189e56de54e3891251ff87bdb0650763d6462aae63ef67f156d","/zoomverify/verifyzoom.html":"5a2bc2aa59417c70a94e0a4bf13a99ce5f877708ae64e31c64d2633d6bbd553a","/message.js":"60731cedbffe1b61e8a958f3ff1b9cff51720451e4d9c32f8b8185882ba84581","/support.css":"8395b38febbaae8dbc07aa61acff44dd3606f253f1dbec819a213aef58504c9d","/support.html":"0b71fb5c6d5b01d721a725e4af9fb7bcc21233ad4efd7d178e7447d2cddfe0ff"}}
[debug] [2021-02-11T01:54:36.118Z] <<< [apiv2][status] POST https://firebasehosting.googleapis.com/v1beta1/sites/easeattendance-c68ed/versions/93f85fbcea08f1ac:populateFiles 200
[debug] [2021-02-11T01:54:36.118Z] <<< [apiv2][body] POST https://firebasehosting.googleapis.com/v1beta1/sites/easeattendance-c68ed/versions/93f85fbcea08f1ac:populateFiles {"uploadRequiredHashes":["8395b38febbaae8dbc07aa61acff44dd3606f253f1dbec819a213aef58504c9d","0b71fb5c6d5b01d721a725e4af9fb7bcc21233ad4efd7d178e7447d2cddfe0ff","60731cedbffe1b61e8a958f3ff1b9cff51720451e4d9c32f8b8185882ba84581"],"uploadUrl":"https://upload-firebasehosting.googleapis.com/upload/sites/easeattendance-c68ed/versions/93f85fbcea08f1ac/files"}
[debug] [2021-02-11T01:54:36.119Z] >>> [apiv2][query] POST https://upload-firebasehosting.googleapis.com/upload/sites/easeattendance-c68ed/versions/93f85fbcea08f1ac/files/8395b38febbaae8dbc07aa61acff44dd3606f253f1dbec819a213aef58504c9d [none]
[debug] [2021-02-11T01:54:36.119Z] >>> [apiv2][body] POST https://upload-firebasehosting.googleapis.com/upload/sites/easeattendance-c68ed/versions/93f85fbcea08f1ac/files/8395b38febbaae8dbc07aa61acff44dd3606f253f1dbec819a213aef58504c9d [stream]
[debug] [2021-02-11T01:54:36.120Z] >>> [apiv2][query] POST https://upload-firebasehosting.googleapis.com/upload/sites/easeattendance-c68ed/versions/93f85fbcea08f1ac/files/0b71fb5c6d5b01d721a725e4af9fb7bcc21233ad4efd7d178e7447d2cddfe0ff [none]
[debug] [2021-02-11T01:54:36.120Z] >>> [apiv2][body] POST https://upload-firebasehosting.googleapis.com/upload/sites/easeattendance-c68ed/versions/93f85fbcea08f1ac/files/0b71fb5c6d5b01d721a725e4af9fb7bcc21233ad4efd7d178e7447d2cddfe0ff [stream]
[debug] [2021-02-11T01:54:36.121Z] >>> [apiv2][query] POST https://upload-firebasehosting.googleapis.com/upload/sites/easeattendance-c68ed/versions/93f85fbcea08f1ac/files/60731cedbffe1b61e8a958f3ff1b9cff51720451e4d9c32f8b8185882ba84581 [none]
[debug] [2021-02-11T01:54:36.121Z] >>> [apiv2][body] POST https://upload-firebasehosting.googleapis.com/upload/sites/easeattendance-c68ed/versions/93f85fbcea08f1ac/files/60731cedbffe1b61e8a958f3ff1b9cff51720451e4d9c32f8b8185882ba84581 [stream]
[debug] [2021-02-11T01:54:36.122Z] [hosting][populate queue][FINAL] {"max":865,"min":865,"avg":865,"active":0,"complete":1,"success":1,"errored":0,"retried":0,"total":1,"elapsed":868}
[debug] [2021-02-11T01:54:36.122Z] [hosting] uploads queued: 3
[debug] [2021-02-11T01:54:37.073Z] <<< [apiv2][status] POST https://upload-firebasehosting.googleapis.com/upload/sites/easeattendance-c68ed/versions/93f85fbcea08f1ac/files/0b71fb5c6d5b01d721a725e4af9fb7bcc21233ad4efd7d178e7447d2cddfe0ff 200
[debug] [2021-02-11T01:54:37.073Z] <<< [apiv2][body] POST https://upload-firebasehosting.googleapis.com/upload/sites/easeattendance-c68ed/versions/93f85fbcea08f1ac/files/0b71fb5c6d5b01d721a725e4af9fb7bcc21233ad4efd7d178e7447d2cddfe0ff [stream]
[debug] [2021-02-11T01:54:37.198Z] <<< [apiv2][status] POST https://upload-firebasehosting.googleapis.com/upload/sites/easeattendance-c68ed/versions/93f85fbcea08f1ac/files/60731cedbffe1b61e8a958f3ff1b9cff51720451e4d9c32f8b8185882ba84581 200
[debug] [2021-02-11T01:54:37.198Z] <<< [apiv2][body] POST https://upload-firebasehosting.googleapis.com/upload/sites/easeattendance-c68ed/versions/93f85fbcea08f1ac/files/60731cedbffe1b61e8a958f3ff1b9cff51720451e4d9c32f8b8185882ba84581 [stream]
[debug] [2021-02-11T01:54:37.417Z] <<< [apiv2][status] POST https://upload-firebasehosting.googleapis.com/upload/sites/easeattendance-c68ed/versions/93f85fbcea08f1ac/files/8395b38febbaae8dbc07aa61acff44dd3606f253f1dbec819a213aef58504c9d 200
[debug] [2021-02-11T01:54:37.417Z] <<< [apiv2][body] POST https://upload-firebasehosting.googleapis.com/upload/sites/easeattendance-c68ed/versions/93f85fbcea08f1ac/files/8395b38febbaae8dbc07aa61acff44dd3606f253f1dbec819a213aef58504c9d [stream]
[debug] [2021-02-11T01:54:37.417Z] [hosting][upload queue][FINAL] {"max":1299,"min":954,"avg":1110.6666666666667,"active":0,"complete":3,"success":3,"errored":0,"retried":0,"total":3,"elapsed":1299}
[info] ✔  hosting[easeattendance-c68ed]: file upload complete 
[debug] [2021-02-11T01:54:37.418Z] [hosting] deploy completed after 2188ms
[info] i  functions: updating Node.js 14 (Beta) function app(us-central1)... 
[debug] [2021-02-11T01:54:37.512Z] Trigger is:  {"httpsTrigger":{}}
[debug] [2021-02-11T01:54:37.513Z] > refreshing access token with scopes: ["email","https://www.googleapis.com/auth/cloud-platform","https://www.googleapis.com/auth/cloudplatformprojects.readonly","https://www.googleapis.com/auth/firebase","openid"]
[debug] [2021-02-11T01:54:37.513Z] >>> HTTP REQUEST POST https://www.googleapis.com/oauth2/v3/token  
 <request body omitted>
[debug] [2021-02-11T01:54:37.681Z] <<< HTTP RESPONSE 200 {"pragma":"no-cache","cache-control":"no-cache, no-store, max-age=0, must-revalidate","expires":"Mon, 01 Jan 1990 00:00:00 GMT","date":"Thu, 11 Feb 2021 01:54:37 GMT","content-type":"application/json; charset=utf-8","vary":"X-Origin, Referer, Origin,Accept-Encoding","server":"scaffolding on HTTPServer2","x-xss-protection":"0","x-frame-options":"SAMEORIGIN","x-content-type-options":"nosniff","alt-svc":"h3-29=\":443\"; ma=2592000,h3-T051=\":443\"; ma=2592000,h3-Q050=\":443\"; ma=2592000,h3-Q046=\":443\"; ma=2592000,h3-Q043=\":443\"; ma=2592000,quic=\":443\"; ma=2592000; v=\"46,43\"","accept-ranges":"none","transfer-encoding":"chunked"}
[debug] [2021-02-11T01:54:37.708Z] >>> HTTP REQUEST PATCH https://cloudfunctions.googleapis.com/v1/projects/easeattendance-c68ed/locations/us-central1/functions/app {"updateMask":"sourceUploadUrl,name,labels,runtime,environmentVariables,httpsTrigger"} 
 {"sourceUploadUrl":"https://storage.googleapis.com/gcf-upload-us-central1-fa5a48e6-e154-4cad-b2cd-cf055973fc31/bddaa3ed-efb7-4f3c-8b86-5894c22ac65c.zip?GoogleAccessId=service-200365032412@gcf-admin-robot.iam.gserviceaccount.com&Expires=1613010274&Signature=H1K20zie4P%2F2vHGutXhjTn0K5AFFkCJMJu%2FgzGXkrSf98yZzuiz2uMiEPr%2BdtP5TyOHjGs6NuJVMaarhIEQGw0Z0JkEoUtJWYLD5FDPR1%2FzikXTuSOmA5cZQnCVF6%2BiTcALfbLKGPVr72N9RlyyBgqtAiKI%2FMqfeN%2FgE5VGgn%2BOKx33aSjLBGxe7x5PCx8kKPAuBJVgMVtNwR%2FjOwwg7xuVlFDE%2Fhlxl40uMDWvWXycejWZJZJhn9RutbBBQ%2FDvdD6zW4Gvke1xth1VqrxKDsKJUd%2BpJBWRolraMtFbB0xAvX%2BJ6cDmtMyfbzAP7LBcFY8vabmKjRDwSC3HIlkAqag%3D%3D","name":"projects/easeattendance-c68ed/locations/us-central1/functions/app","labels":{"deployment-tool":"cli-firebase"},"httpsTrigger":{},"runtime":"nodejs14","environmentVariables":{"FIREBASE_CONFIG":"{\"projectId\":\"easeattendance-c68ed\",\"databaseURL\":\"https://easeattendance-c68ed-default-rtdb.firebaseio.com\",\"storageBucket\":\"easeattendance-c68ed.appspot.com\",\"locationId\":\"us-central\"}"}}
[debug] [2021-02-11T01:54:38.505Z] <<< HTTP RESPONSE 200 {"content-type":"application/json; charset=UTF-8","vary":"X-Origin, Referer, Origin,Accept-Encoding","date":"Thu, 11 Feb 2021 01:54:38 GMT","server":"ESF","cache-control":"private","x-xss-protection":"0","x-frame-options":"SAMEORIGIN","x-content-type-options":"nosniff","alt-svc":"h3-29=\":443\"; ma=2592000,h3-T051=\":443\"; ma=2592000,h3-Q050=\":443\"; ma=2592000,h3-Q046=\":443\"; ma=2592000,h3-Q043=\":443\"; ma=2592000,quic=\":443\"; ma=2592000; v=\"46,43\"","accept-ranges":"none","transfer-encoding":"chunked"}
[debug] [2021-02-11T01:54:38.507Z] >>> HTTP REQUEST GET https://cloudfunctions.googleapis.com/v1/projects/easeattendance-c68ed/locations/-/functions  
 
[debug] [2021-02-11T01:54:39.061Z] <<< HTTP RESPONSE 200 {"content-type":"application/json; charset=UTF-8","vary":"X-Origin, Referer, Origin,Accept-Encoding","date":"Thu, 11 Feb 2021 01:54:39 GMT","server":"ESF","cache-control":"private","x-xss-protection":"0","x-frame-options":"SAMEORIGIN","x-content-type-options":"nosniff","alt-svc":"h3-29=\":443\"; ma=2592000,h3-T051=\":443\"; ma=2592000,h3-Q050=\":443\"; ma=2592000,h3-Q046=\":443\"; ma=2592000,h3-Q043=\":443\"; ma=2592000,quic=\":443\"; ma=2592000; v=\"46,43\"","accept-ranges":"none","transfer-encoding":"chunked"}
[debug] [2021-02-11T01:54:39.062Z] >>> HTTP REQUEST GET https://cloudfunctions.googleapis.com/v1/operations/ZWFzZWF0dGVuZGFuY2UtYzY4ZWQvdXMtY2VudHJhbDEvYXBwL3ZDelhhWTUybkRJ  
 
[debug] [2021-02-11T01:54:39.338Z] <<< HTTP RESPONSE 200 {"content-type":"application/json; charset=UTF-8","vary":"X-Origin, Referer, Origin,Accept-Encoding","date":"Thu, 11 Feb 2021 01:54:39 GMT","server":"ESF","cache-control":"private","x-xss-protection":"0","x-frame-options":"SAMEORIGIN","x-content-type-options":"nosniff","alt-svc":"h3-29=\":443\"; ma=2592000,h3-T051=\":443\"; ma=2592000,h3-Q050=\":443\"; ma=2592000,h3-Q046=\":443\"; ma=2592000,h3-Q043=\":443\"; ma=2592000,quic=\":443\"; ma=2592000; v=\"46,43\"","accept-ranges":"none","transfer-encoding":"chunked"}
[debug] [2021-02-11T01:54:41.343Z] >>> HTTP REQUEST GET https://cloudfunctions.googleapis.com/v1/operations/ZWFzZWF0dGVuZGFuY2UtYzY4ZWQvdXMtY2VudHJhbDEvYXBwL3ZDelhhWTUybkRJ  
 
[debug] [2021-02-11T01:54:41.597Z] <<< HTTP RESPONSE 200 {"content-type":"application/json; charset=UTF-8","vary":"X-Origin, Referer, Origin,Accept-Encoding","date":"Thu, 11 Feb 2021 01:54:41 GMT","server":"ESF","cache-control":"private","x-xss-protection":"0","x-frame-options":"SAMEORIGIN","x-content-type-options":"nosniff","alt-svc":"h3-29=\":443\"; ma=2592000,h3-T051=\":443\"; ma=2592000,h3-Q050=\":443\"; ma=2592000,h3-Q046=\":443\"; ma=2592000,h3-Q043=\":443\"; ma=2592000,quic=\":443\"; ma=2592000; v=\"46,43\"","accept-ranges":"none","transfer-encoding":"chunked"}
[debug] [2021-02-11T01:54:43.598Z] >>> HTTP REQUEST GET https://cloudfunctions.googleapis.com/v1/operations/ZWFzZWF0dGVuZGFuY2UtYzY4ZWQvdXMtY2VudHJhbDEvYXBwL3ZDelhhWTUybkRJ  
 
[debug] [2021-02-11T01:54:43.850Z] <<< HTTP RESPONSE 200 {"content-type":"application/json; charset=UTF-8","vary":"X-Origin, Referer, Origin,Accept-Encoding","date":"Thu, 11 Feb 2021 01:54:43 GMT","server":"ESF","cache-control":"private","x-xss-protection":"0","x-frame-options":"SAMEORIGIN","x-content-type-options":"nosniff","alt-svc":"h3-29=\":443\"; ma=2592000,h3-T051=\":443\"; ma=2592000,h3-Q050=\":443\"; ma=2592000,h3-Q046=\":443\"; ma=2592000,h3-Q043=\":443\"; ma=2592000,quic=\":443\"; ma=2592000; v=\"46,43\"","accept-ranges":"none","transfer-encoding":"chunked"}
[debug] [2021-02-11T01:54:45.855Z] >>> HTTP REQUEST GET https://cloudfunctions.googleapis.com/v1/operations/ZWFzZWF0dGVuZGFuY2UtYzY4ZWQvdXMtY2VudHJhbDEvYXBwL3ZDelhhWTUybkRJ  
 
[debug] [2021-02-11T01:54:46.359Z] <<< HTTP RESPONSE 200 {"content-type":"application/json; charset=UTF-8","vary":"X-Origin, Referer, Origin,Accept-Encoding","date":"Thu, 11 Feb 2021 01:54:46 GMT","server":"ESF","cache-control":"private","x-xss-protection":"0","x-frame-options":"SAMEORIGIN","x-content-type-options":"nosniff","alt-svc":"h3-29=\":443\"; ma=2592000,h3-T051=\":443\"; ma=2592000,h3-Q050=\":443\"; ma=2592000,h3-Q046=\":443\"; ma=2592000,h3-Q043=\":443\"; ma=2592000,quic=\":443\"; ma=2592000; v=\"46,43\"","accept-ranges":"none","transfer-encoding":"chunked"}
[debug] [2021-02-11T01:54:48.360Z] >>> HTTP REQUEST GET https://cloudfunctions.googleapis.com/v1/operations/ZWFzZWF0dGVuZGFuY2UtYzY4ZWQvdXMtY2VudHJhbDEvYXBwL3ZDelhhWTUybkRJ  
 
[debug] [2021-02-11T01:54:48.654Z] <<< HTTP RESPONSE 200 {"content-type":"application/json; charset=UTF-8","vary":"X-Origin, Referer, Origin,Accept-Encoding","date":"Thu, 11 Feb 2021 01:54:48 GMT","server":"ESF","cache-control":"private","x-xss-protection":"0","x-frame-options":"SAMEORIGIN","x-content-type-options":"nosniff","alt-svc":"h3-29=\":443\"; ma=2592000,h3-T051=\":443\"; ma=2592000,h3-Q050=\":443\"; ma=2592000,h3-Q046=\":443\"; ma=2592000,h3-Q043=\":443\"; ma=2592000,quic=\":443\"; ma=2592000; v=\"46,43\"","accept-ranges":"none","transfer-encoding":"chunked"}
[debug] [2021-02-11T01:54:50.655Z] >>> HTTP REQUEST GET https://cloudfunctions.googleapis.com/v1/operations/ZWFzZWF0dGVuZGFuY2UtYzY4ZWQvdXMtY2VudHJhbDEvYXBwL3ZDelhhWTUybkRJ  
 
[debug] [2021-02-11T01:54:50.900Z] <<< HTTP RESPONSE 200 {"content-type":"application/json; charset=UTF-8","vary":"X-Origin, Referer, Origin,Accept-Encoding","date":"Thu, 11 Feb 2021 01:54:50 GMT","server":"ESF","cache-control":"private","x-xss-protection":"0","x-frame-options":"SAMEORIGIN","x-content-type-options":"nosniff","alt-svc":"h3-29=\":443\"; ma=2592000,h3-T051=\":443\"; ma=2592000,h3-Q050=\":443\"; ma=2592000,h3-Q046=\":443\"; ma=2592000,h3-Q043=\":443\"; ma=2592000,quic=\":443\"; ma=2592000; v=\"46,43\"","accept-ranges":"none","transfer-encoding":"chunked"}
[debug] [2021-02-11T01:54:52.905Z] >>> HTTP REQUEST GET https://cloudfunctions.googleapis.com/v1/operations/ZWFzZWF0dGVuZGFuY2UtYzY4ZWQvdXMtY2VudHJhbDEvYXBwL3ZDelhhWTUybkRJ  
 
[debug] [2021-02-11T01:54:53.297Z] <<< HTTP RESPONSE 200 {"content-type":"application/json; charset=UTF-8","vary":"X-Origin, Referer, Origin,Accept-Encoding","date":"Thu, 11 Feb 2021 01:54:53 GMT","server":"ESF","cache-control":"private","x-xss-protection":"0","x-frame-options":"SAMEORIGIN","x-content-type-options":"nosniff","alt-svc":"h3-29=\":443\"; ma=2592000,h3-T051=\":443\"; ma=2592000,h3-Q050=\":443\"; ma=2592000,h3-Q046=\":443\"; ma=2592000,h3-Q043=\":443\"; ma=2592000,quic=\":443\"; ma=2592000; v=\"46,43\"","accept-ranges":"none","transfer-encoding":"chunked"}
[debug] [2021-02-11T01:54:55.299Z] >>> HTTP REQUEST GET https://cloudfunctions.googleapis.com/v1/operations/ZWFzZWF0dGVuZGFuY2UtYzY4ZWQvdXMtY2VudHJhbDEvYXBwL3ZDelhhWTUybkRJ  
 
[debug] [2021-02-11T01:54:55.909Z] <<< HTTP RESPONSE 200 {"content-type":"application/json; charset=UTF-8","vary":"X-Origin, Referer, Origin,Accept-Encoding","date":"Thu, 11 Feb 2021 01:54:55 GMT","server":"ESF","cache-control":"private","x-xss-protection":"0","x-frame-options":"SAMEORIGIN","x-content-type-options":"nosniff","alt-svc":"h3-29=\":443\"; ma=2592000,h3-T051=\":443\"; ma=2592000,h3-Q050=\":443\"; ma=2592000,h3-Q046=\":443\"; ma=2592000,h3-Q043=\":443\"; ma=2592000,quic=\":443\"; ma=2592000; v=\"46,43\"","accept-ranges":"none","transfer-encoding":"chunked"}
[debug] [2021-02-11T01:54:57.911Z] >>> HTTP REQUEST GET https://cloudfunctions.googleapis.com/v1/operations/ZWFzZWF0dGVuZGFuY2UtYzY4ZWQvdXMtY2VudHJhbDEvYXBwL3ZDelhhWTUybkRJ  
 
[debug] [2021-02-11T01:54:58.156Z] <<< HTTP RESPONSE 200 {"content-type":"application/json; charset=UTF-8","vary":"X-Origin, Referer, Origin,Accept-Encoding","date":"Thu, 11 Feb 2021 01:54:58 GMT","server":"ESF","cache-control":"private","x-xss-protection":"0","x-frame-options":"SAMEORIGIN","x-content-type-options":"nosniff","alt-svc":"h3-29=\":443\"; ma=2592000,h3-T051=\":443\"; ma=2592000,h3-Q050=\":443\"; ma=2592000,h3-Q046=\":443\"; ma=2592000,h3-Q043=\":443\"; ma=2592000,quic=\":443\"; ma=2592000; v=\"46,43\"","accept-ranges":"none","transfer-encoding":"chunked"}
[debug] [2021-02-11T01:55:00.157Z] >>> HTTP REQUEST GET https://cloudfunctions.googleapis.com/v1/operations/ZWFzZWF0dGVuZGFuY2UtYzY4ZWQvdXMtY2VudHJhbDEvYXBwL3ZDelhhWTUybkRJ  
 
[debug] [2021-02-11T01:55:00.416Z] <<< HTTP RESPONSE 200 {"content-type":"application/json; charset=UTF-8","vary":"X-Origin, Referer, Origin,Accept-Encoding","date":"Thu, 11 Feb 2021 01:55:00 GMT","server":"ESF","cache-control":"private","x-xss-protection":"0","x-frame-options":"SAMEORIGIN","x-content-type-options":"nosniff","alt-svc":"h3-29=\":443\"; ma=2592000,h3-T051=\":443\"; ma=2592000,h3-Q050=\":443\"; ma=2592000,h3-Q046=\":443\"; ma=2592000,h3-Q043=\":443\"; ma=2592000,quic=\":443\"; ma=2592000; v=\"46,43\"","accept-ranges":"none","transfer-encoding":"chunked"}
[debug] [2021-02-11T01:55:02.421Z] >>> HTTP REQUEST GET https://cloudfunctions.googleapis.com/v1/operations/ZWFzZWF0dGVuZGFuY2UtYzY4ZWQvdXMtY2VudHJhbDEvYXBwL3ZDelhhWTUybkRJ  
 
[debug] [2021-02-11T01:55:02.671Z] <<< HTTP RESPONSE 200 {"content-type":"application/json; charset=UTF-8","vary":"X-Origin, Referer, Origin,Accept-Encoding","date":"Thu, 11 Feb 2021 01:55:02 GMT","server":"ESF","cache-control":"private","x-xss-protection":"0","x-frame-options":"SAMEORIGIN","x-content-type-options":"nosniff","alt-svc":"h3-29=\":443\"; ma=2592000,h3-T051=\":443\"; ma=2592000,h3-Q050=\":443\"; ma=2592000,h3-Q046=\":443\"; ma=2592000,h3-Q043=\":443\"; ma=2592000,quic=\":443\"; ma=2592000; v=\"46,43\"","accept-ranges":"none","transfer-encoding":"chunked"}
[debug] [2021-02-11T01:55:04.672Z] >>> HTTP REQUEST GET https://cloudfunctions.googleapis.com/v1/operations/ZWFzZWF0dGVuZGFuY2UtYzY4ZWQvdXMtY2VudHJhbDEvYXBwL3ZDelhhWTUybkRJ  
 
[debug] [2021-02-11T01:55:04.921Z] <<< HTTP RESPONSE 200 {"content-type":"application/json; charset=UTF-8","vary":"X-Origin, Referer, Origin,Accept-Encoding","date":"Thu, 11 Feb 2021 01:55:04 GMT","server":"ESF","cache-control":"private","x-xss-protection":"0","x-frame-options":"SAMEORIGIN","x-content-type-options":"nosniff","alt-svc":"h3-29=\":443\"; ma=2592000,h3-T051=\":443\"; ma=2592000,h3-Q050=\":443\"; ma=2592000,h3-Q046=\":443\"; ma=2592000,h3-Q043=\":443\"; ma=2592000,quic=\":443\"; ma=2592000; v=\"46,43\"","accept-ranges":"none","transfer-encoding":"chunked"}
[debug] [2021-02-11T01:55:06.925Z] >>> HTTP REQUEST GET https://cloudfunctions.googleapis.com/v1/operations/ZWFzZWF0dGVuZGFuY2UtYzY4ZWQvdXMtY2VudHJhbDEvYXBwL3ZDelhhWTUybkRJ  
 
[debug] [2021-02-11T01:55:07.167Z] <<< HTTP RESPONSE 200 {"content-type":"application/json; charset=UTF-8","vary":"X-Origin, Referer, Origin,Accept-Encoding","date":"Thu, 11 Feb 2021 01:55:07 GMT","server":"ESF","cache-control":"private","x-xss-protection":"0","x-frame-options":"SAMEORIGIN","x-content-type-options":"nosniff","alt-svc":"h3-29=\":443\"; ma=2592000,h3-T051=\":443\"; ma=2592000,h3-Q050=\":443\"; ma=2592000,h3-Q046=\":443\"; ma=2592000,h3-Q043=\":443\"; ma=2592000,quic=\":443\"; ma=2592000; v=\"46,43\"","accept-ranges":"none","transfer-encoding":"chunked"}
[debug] [2021-02-11T01:55:09.171Z] >>> HTTP REQUEST GET https://cloudfunctions.googleapis.com/v1/operations/ZWFzZWF0dGVuZGFuY2UtYzY4ZWQvdXMtY2VudHJhbDEvYXBwL3ZDelhhWTUybkRJ  
 
[debug] [2021-02-11T01:55:09.430Z] <<< HTTP RESPONSE 200 {"content-type":"application/json; charset=UTF-8","vary":"X-Origin, Referer, Origin,Accept-Encoding","date":"Thu, 11 Feb 2021 01:55:09 GMT","server":"ESF","cache-control":"private","x-xss-protection":"0","x-frame-options":"SAMEORIGIN","x-content-type-options":"nosniff","alt-svc":"h3-29=\":443\"; ma=2592000,h3-T051=\":443\"; ma=2592000,h3-Q050=\":443\"; ma=2592000,h3-Q046=\":443\"; ma=2592000,h3-Q043=\":443\"; ma=2592000,quic=\":443\"; ma=2592000; v=\"46,43\"","accept-ranges":"none","transfer-encoding":"chunked"}
[debug] [2021-02-11T01:55:11.435Z] >>> HTTP REQUEST GET https://cloudfunctions.googleapis.com/v1/operations/ZWFzZWF0dGVuZGFuY2UtYzY4ZWQvdXMtY2VudHJhbDEvYXBwL3ZDelhhWTUybkRJ  
 
[debug] [2021-02-11T01:55:11.671Z] <<< HTTP RESPONSE 200 {"content-type":"application/json; charset=UTF-8","vary":"X-Origin, Referer, Origin,Accept-Encoding","date":"Thu, 11 Feb 2021 01:55:11 GMT","server":"ESF","cache-control":"private","x-xss-protection":"0","x-frame-options":"SAMEORIGIN","x-content-type-options":"nosniff","alt-svc":"h3-29=\":443\"; ma=2592000,h3-T051=\":443\"; ma=2592000,h3-Q050=\":443\"; ma=2592000,h3-Q046=\":443\"; ma=2592000,h3-Q043=\":443\"; ma=2592000,quic=\":443\"; ma=2592000; v=\"46,43\"","accept-ranges":"none","transfer-encoding":"chunked"}
[debug] [2021-02-11T01:55:13.676Z] >>> HTTP REQUEST GET https://cloudfunctions.googleapis.com/v1/operations/ZWFzZWF0dGVuZGFuY2UtYzY4ZWQvdXMtY2VudHJhbDEvYXBwL3ZDelhhWTUybkRJ  
 
[debug] [2021-02-11T01:55:13.926Z] <<< HTTP RESPONSE 200 {"content-type":"application/json; charset=UTF-8","vary":"X-Origin, Referer, Origin,Accept-Encoding","date":"Thu, 11 Feb 2021 01:55:13 GMT","server":"ESF","cache-control":"private","x-xss-protection":"0","x-frame-options":"SAMEORIGIN","x-content-type-options":"nosniff","alt-svc":"h3-29=\":443\"; ma=2592000,h3-T051=\":443\"; ma=2592000,h3-Q050=\":443\"; ma=2592000,h3-Q046=\":443\"; ma=2592000,h3-Q043=\":443\"; ma=2592000,quic=\":443\"; ma=2592000; v=\"46,43\"","accept-ranges":"none","transfer-encoding":"chunked"}
[debug] [2021-02-11T01:55:15.929Z] >>> HTTP REQUEST GET https://cloudfunctions.googleapis.com/v1/operations/ZWFzZWF0dGVuZGFuY2UtYzY4ZWQvdXMtY2VudHJhbDEvYXBwL3ZDelhhWTUybkRJ  
 
[debug] [2021-02-11T01:55:16.184Z] <<< HTTP RESPONSE 200 {"content-type":"application/json; charset=UTF-8","vary":"X-Origin, Referer, Origin,Accept-Encoding","date":"Thu, 11 Feb 2021 01:55:16 GMT","server":"ESF","cache-control":"private","x-xss-protection":"0","x-frame-options":"SAMEORIGIN","x-content-type-options":"nosniff","alt-svc":"h3-29=\":443\"; ma=2592000,h3-T051=\":443\"; ma=2592000,h3-Q050=\":443\"; ma=2592000,h3-Q046=\":443\"; ma=2592000,h3-Q043=\":443\"; ma=2592000,quic=\":443\"; ma=2592000; v=\"46,43\"","accept-ranges":"none","transfer-encoding":"chunked"}
[debug] [2021-02-11T01:55:18.187Z] >>> HTTP REQUEST GET https://cloudfunctions.googleapis.com/v1/operations/ZWFzZWF0dGVuZGFuY2UtYzY4ZWQvdXMtY2VudHJhbDEvYXBwL3ZDelhhWTUybkRJ  
 
[debug] [2021-02-11T01:55:18.450Z] <<< HTTP RESPONSE 200 {"content-type":"application/json; charset=UTF-8","vary":"X-Origin, Referer, Origin,Accept-Encoding","date":"Thu, 11 Feb 2021 01:55:18 GMT","server":"ESF","cache-control":"private","x-xss-protection":"0","x-frame-options":"SAMEORIGIN","x-content-type-options":"nosniff","alt-svc":"h3-29=\":443\"; ma=2592000,h3-T051=\":443\"; ma=2592000,h3-Q050=\":443\"; ma=2592000,h3-Q046=\":443\"; ma=2592000,h3-Q043=\":443\"; ma=2592000,quic=\":443\"; ma=2592000; v=\"46,43\"","accept-ranges":"none","transfer-encoding":"chunked"}
[debug] [2021-02-11T01:55:20.455Z] >>> HTTP REQUEST GET https://cloudfunctions.googleapis.com/v1/operations/ZWFzZWF0dGVuZGFuY2UtYzY4ZWQvdXMtY2VudHJhbDEvYXBwL3ZDelhhWTUybkRJ  
 
[debug] [2021-02-11T01:55:20.704Z] <<< HTTP RESPONSE 200 {"content-type":"application/json; charset=UTF-8","vary":"X-Origin, Referer, Origin,Accept-Encoding","date":"Thu, 11 Feb 2021 01:55:20 GMT","server":"ESF","cache-control":"private","x-xss-protection":"0","x-frame-options":"SAMEORIGIN","x-content-type-options":"nosniff","alt-svc":"h3-29=\":443\"; ma=2592000,h3-T051=\":443\"; ma=2592000,h3-Q050=\":443\"; ma=2592000,h3-Q046=\":443\"; ma=2592000,h3-Q043=\":443\"; ma=2592000,quic=\":443\"; ma=2592000; v=\"46,43\"","accept-ranges":"none","transfer-encoding":"chunked"}
[debug] [2021-02-11T01:55:22.707Z] >>> HTTP REQUEST GET https://cloudfunctions.googleapis.com/v1/operations/ZWFzZWF0dGVuZGFuY2UtYzY4ZWQvdXMtY2VudHJhbDEvYXBwL3ZDelhhWTUybkRJ  
 
[debug] [2021-02-11T01:55:22.963Z] <<< HTTP RESPONSE 200 {"content-type":"application/json; charset=UTF-8","vary":"X-Origin, Referer, Origin,Accept-Encoding","date":"Thu, 11 Feb 2021 01:55:23 GMT","server":"ESF","cache-control":"private","x-xss-protection":"0","x-frame-options":"SAMEORIGIN","x-content-type-options":"nosniff","alt-svc":"h3-29=\":443\"; ma=2592000,h3-T051=\":443\"; ma=2592000,h3-Q050=\":443\"; ma=2592000,h3-Q046=\":443\"; ma=2592000,h3-Q043=\":443\"; ma=2592000,quic=\":443\"; ma=2592000; v=\"46,43\"","accept-ranges":"none","transfer-encoding":"chunked"}
[debug] [2021-02-11T01:55:24.967Z] >>> HTTP REQUEST GET https://cloudfunctions.googleapis.com/v1/operations/ZWFzZWF0dGVuZGFuY2UtYzY4ZWQvdXMtY2VudHJhbDEvYXBwL3ZDelhhWTUybkRJ  
 
[debug] [2021-02-11T01:55:25.211Z] <<< HTTP RESPONSE 200 {"content-type":"application/json; charset=UTF-8","vary":"X-Origin, Referer, Origin,Accept-Encoding","date":"Thu, 11 Feb 2021 01:55:25 GMT","server":"ESF","cache-control":"private","x-xss-protection":"0","x-frame-options":"SAMEORIGIN","x-content-type-options":"nosniff","alt-svc":"h3-29=\":443\"; ma=2592000,h3-T051=\":443\"; ma=2592000,h3-Q050=\":443\"; ma=2592000,h3-Q046=\":443\"; ma=2592000,h3-Q043=\":443\"; ma=2592000,quic=\":443\"; ma=2592000; v=\"46,43\"","accept-ranges":"none","transfer-encoding":"chunked"}
[debug] [2021-02-11T01:55:27.212Z] >>> HTTP REQUEST GET https://cloudfunctions.googleapis.com/v1/operations/ZWFzZWF0dGVuZGFuY2UtYzY4ZWQvdXMtY2VudHJhbDEvYXBwL3ZDelhhWTUybkRJ  
 
[debug] [2021-02-11T01:55:27.463Z] <<< HTTP RESPONSE 200 {"content-type":"application/json; charset=UTF-8","vary":"X-Origin, Referer, Origin,Accept-Encoding","date":"Thu, 11 Feb 2021 01:55:27 GMT","server":"ESF","cache-control":"private","x-xss-protection":"0","x-frame-options":"SAMEORIGIN","x-content-type-options":"nosniff","alt-svc":"h3-29=\":443\"; ma=2592000,h3-T051=\":443\"; ma=2592000,h3-Q050=\":443\"; ma=2592000,h3-Q046=\":443\"; ma=2592000,h3-Q043=\":443\"; ma=2592000,quic=\":443\"; ma=2592000; v=\"46,43\"","accept-ranges":"none","transfer-encoding":"chunked"}
[debug] [2021-02-11T01:55:29.466Z] >>> HTTP REQUEST GET https://cloudfunctions.googleapis.com/v1/operations/ZWFzZWF0dGVuZGFuY2UtYzY4ZWQvdXMtY2VudHJhbDEvYXBwL3ZDelhhWTUybkRJ  
 
[debug] [2021-02-11T01:55:29.700Z] <<< HTTP RESPONSE 200 {"content-type":"application/json; charset=UTF-8","vary":"X-Origin, Referer, Origin,Accept-Encoding","date":"Thu, 11 Feb 2021 01:55:29 GMT","server":"ESF","cache-control":"private","x-xss-protection":"0","x-frame-options":"SAMEORIGIN","x-content-type-options":"nosniff","alt-svc":"h3-29=\":443\"; ma=2592000,h3-T051=\":443\"; ma=2592000,h3-Q050=\":443\"; ma=2592000,h3-Q046=\":443\"; ma=2592000,h3-Q043=\":443\"; ma=2592000,quic=\":443\"; ma=2592000; v=\"46,43\"","accept-ranges":"none","transfer-encoding":"chunked"}
[debug] [2021-02-11T01:55:31.704Z] >>> HTTP REQUEST GET https://cloudfunctions.googleapis.com/v1/operations/ZWFzZWF0dGVuZGFuY2UtYzY4ZWQvdXMtY2VudHJhbDEvYXBwL3ZDelhhWTUybkRJ  
 
[debug] [2021-02-11T01:55:31.959Z] <<< HTTP RESPONSE 200 {"content-type":"application/json; charset=UTF-8","vary":"X-Origin, Referer, Origin,Accept-Encoding","date":"Thu, 11 Feb 2021 01:55:32 GMT","server":"ESF","cache-control":"private","x-xss-protection":"0","x-frame-options":"SAMEORIGIN","x-content-type-options":"nosniff","alt-svc":"h3-29=\":443\"; ma=2592000,h3-T051=\":443\"; ma=2592000,h3-Q050=\":443\"; ma=2592000,h3-Q046=\":443\"; ma=2592000,h3-Q043=\":443\"; ma=2592000,quic=\":443\"; ma=2592000; v=\"46,43\"","accept-ranges":"none","transfer-encoding":"chunked"}
[debug] [2021-02-11T01:55:33.961Z] >>> HTTP REQUEST GET https://cloudfunctions.googleapis.com/v1/operations/ZWFzZWF0dGVuZGFuY2UtYzY4ZWQvdXMtY2VudHJhbDEvYXBwL3ZDelhhWTUybkRJ  
 
[debug] [2021-02-11T01:55:34.204Z] <<< HTTP RESPONSE 200 {"content-type":"application/json; charset=UTF-8","vary":"X-Origin, Referer, Origin,Accept-Encoding","date":"Thu, 11 Feb 2021 01:55:34 GMT","server":"ESF","cache-control":"private","x-xss-protection":"0","x-frame-options":"SAMEORIGIN","x-content-type-options":"nosniff","alt-svc":"h3-29=\":443\"; ma=2592000,h3-T051=\":443\"; ma=2592000,h3-Q050=\":443\"; ma=2592000,h3-Q046=\":443\"; ma=2592000,h3-Q043=\":443\"; ma=2592000,quic=\":443\"; ma=2592000; v=\"46,43\"","accept-ranges":"none","transfer-encoding":"chunked"}
[debug] [2021-02-11T01:55:36.205Z] >>> HTTP REQUEST GET https://cloudfunctions.googleapis.com/v1/operations/ZWFzZWF0dGVuZGFuY2UtYzY4ZWQvdXMtY2VudHJhbDEvYXBwL3ZDelhhWTUybkRJ  
 
[debug] [2021-02-11T01:55:36.445Z] <<< HTTP RESPONSE 200 {"content-type":"application/json; charset=UTF-8","vary":"X-Origin, Referer, Origin,Accept-Encoding","date":"Thu, 11 Feb 2021 01:55:36 GMT","server":"ESF","cache-control":"private","x-xss-protection":"0","x-frame-options":"SAMEORIGIN","x-content-type-options":"nosniff","alt-svc":"h3-29=\":443\"; ma=2592000,h3-T051=\":443\"; ma=2592000,h3-Q050=\":443\"; ma=2592000,h3-Q046=\":443\"; ma=2592000,h3-Q043=\":443\"; ma=2592000,quic=\":443\"; ma=2592000; v=\"46,43\"","accept-ranges":"none","transfer-encoding":"chunked"}
[debug] [2021-02-11T01:55:38.445Z] >>> HTTP REQUEST GET https://cloudfunctions.googleapis.com/v1/operations/ZWFzZWF0dGVuZGFuY2UtYzY4ZWQvdXMtY2VudHJhbDEvYXBwL3ZDelhhWTUybkRJ  
 
[debug] [2021-02-11T01:55:38.685Z] <<< HTTP RESPONSE 200 {"content-type":"application/json; charset=UTF-8","vary":"X-Origin, Referer, Origin,Accept-Encoding","date":"Thu, 11 Feb 2021 01:55:38 GMT","server":"ESF","cache-control":"private","x-xss-protection":"0","x-frame-options":"SAMEORIGIN","x-content-type-options":"nosniff","alt-svc":"h3-29=\":443\"; ma=2592000,h3-T051=\":443\"; ma=2592000,h3-Q050=\":443\"; ma=2592000,h3-Q046=\":443\"; ma=2592000,h3-Q043=\":443\"; ma=2592000,quic=\":443\"; ma=2592000; v=\"46,43\"","accept-ranges":"none","transfer-encoding":"chunked"}
[debug] [2021-02-11T01:55:40.687Z] >>> HTTP REQUEST GET https://cloudfunctions.googleapis.com/v1/operations/ZWFzZWF0dGVuZGFuY2UtYzY4ZWQvdXMtY2VudHJhbDEvYXBwL3ZDelhhWTUybkRJ  
 
[debug] [2021-02-11T01:55:40.942Z] <<< HTTP RESPONSE 200 {"content-type":"application/json; charset=UTF-8","vary":"X-Origin, Referer, Origin,Accept-Encoding","date":"Thu, 11 Feb 2021 01:55:41 GMT","server":"ESF","cache-control":"private","x-xss-protection":"0","x-frame-options":"SAMEORIGIN","x-content-type-options":"nosniff","alt-svc":"h3-29=\":443\"; ma=2592000,h3-T051=\":443\"; ma=2592000,h3-Q050=\":443\"; ma=2592000,h3-Q046=\":443\"; ma=2592000,h3-Q043=\":443\"; ma=2592000,quic=\":443\"; ma=2592000; v=\"46,43\"","accept-ranges":"none","transfer-encoding":"chunked"}
[debug] [2021-02-11T01:55:42.947Z] >>> HTTP REQUEST GET https://cloudfunctions.googleapis.com/v1/operations/ZWFzZWF0dGVuZGFuY2UtYzY4ZWQvdXMtY2VudHJhbDEvYXBwL3ZDelhhWTUybkRJ  
 
[debug] [2021-02-11T01:55:43.193Z] <<< HTTP RESPONSE 200 {"content-type":"application/json; charset=UTF-8","vary":"X-Origin, Referer, Origin,Accept-Encoding","date":"Thu, 11 Feb 2021 01:55:43 GMT","server":"ESF","cache-control":"private","x-xss-protection":"0","x-frame-options":"SAMEORIGIN","x-content-type-options":"nosniff","alt-svc":"h3-29=\":443\"; ma=2592000,h3-T051=\":443\"; ma=2592000,h3-Q050=\":443\"; ma=2592000,h3-Q046=\":443\"; ma=2592000,h3-Q043=\":443\"; ma=2592000,quic=\":443\"; ma=2592000; v=\"46,43\"","accept-ranges":"none","transfer-encoding":"chunked"}
[debug] [2021-02-11T01:55:45.194Z] >>> HTTP REQUEST GET https://cloudfunctions.googleapis.com/v1/operations/ZWFzZWF0dGVuZGFuY2UtYzY4ZWQvdXMtY2VudHJhbDEvYXBwL3ZDelhhWTUybkRJ  
 
[debug] [2021-02-11T01:55:45.439Z] <<< HTTP RESPONSE 200 {"content-type":"application/json; charset=UTF-8","vary":"X-Origin, Referer, Origin,Accept-Encoding","date":"Thu, 11 Feb 2021 01:55:45 GMT","server":"ESF","cache-control":"private","x-xss-protection":"0","x-frame-options":"SAMEORIGIN","x-content-type-options":"nosniff","alt-svc":"h3-29=\":443\"; ma=2592000,h3-T051=\":443\"; ma=2592000,h3-Q050=\":443\"; ma=2592000,h3-Q046=\":443\"; ma=2592000,h3-Q043=\":443\"; ma=2592000,quic=\":443\"; ma=2592000; v=\"46,43\"","accept-ranges":"none","transfer-encoding":"chunked"}
[debug] [2021-02-11T01:55:47.444Z] >>> HTTP REQUEST GET https://cloudfunctions.googleapis.com/v1/operations/ZWFzZWF0dGVuZGFuY2UtYzY4ZWQvdXMtY2VudHJhbDEvYXBwL3ZDelhhWTUybkRJ  
 
[debug] [2021-02-11T01:55:47.717Z] <<< HTTP RESPONSE 200 {"content-type":"application/json; charset=UTF-8","vary":"X-Origin, Referer, Origin,Accept-Encoding","date":"Thu, 11 Feb 2021 01:55:47 GMT","server":"ESF","cache-control":"private","x-xss-protection":"0","x-frame-options":"SAMEORIGIN","x-content-type-options":"nosniff","alt-svc":"h3-29=\":443\"; ma=2592000,h3-T051=\":443\"; ma=2592000,h3-Q050=\":443\"; ma=2592000,h3-Q046=\":443\"; ma=2592000,h3-Q043=\":443\"; ma=2592000,quic=\":443\"; ma=2592000; v=\"46,43\"","accept-ranges":"none","transfer-encoding":"chunked"}
[debug] [2021-02-11T01:55:49.721Z] >>> HTTP REQUEST GET https://cloudfunctions.googleapis.com/v1/operations/ZWFzZWF0dGVuZGFuY2UtYzY4ZWQvdXMtY2VudHJhbDEvYXBwL3ZDelhhWTUybkRJ  
 
[debug] [2021-02-11T01:55:49.955Z] <<< HTTP RESPONSE 200 {"content-type":"application/json; charset=UTF-8","vary":"X-Origin, Referer, Origin,Accept-Encoding","date":"Thu, 11 Feb 2021 01:55:50 GMT","server":"ESF","cache-control":"private","x-xss-protection":"0","x-frame-options":"SAMEORIGIN","x-content-type-options":"nosniff","alt-svc":"h3-29=\":443\"; ma=2592000,h3-T051=\":443\"; ma=2592000,h3-Q050=\":443\"; ma=2592000,h3-Q046=\":443\"; ma=2592000,h3-Q043=\":443\"; ma=2592000,quic=\":443\"; ma=2592000; v=\"46,43\"","accept-ranges":"none","transfer-encoding":"chunked"}
[debug] [2021-02-11T01:55:51.957Z] >>> HTTP REQUEST GET https://cloudfunctions.googleapis.com/v1/operations/ZWFzZWF0dGVuZGFuY2UtYzY4ZWQvdXMtY2VudHJhbDEvYXBwL3ZDelhhWTUybkRJ  
 
[debug] [2021-02-11T01:55:52.198Z] <<< HTTP RESPONSE 200 {"content-type":"application/json; charset=UTF-8","vary":"X-Origin, Referer, Origin,Accept-Encoding","date":"Thu, 11 Feb 2021 01:55:52 GMT","server":"ESF","cache-control":"private","x-xss-protection":"0","x-frame-options":"SAMEORIGIN","x-content-type-options":"nosniff","alt-svc":"h3-29=\":443\"; ma=2592000,h3-T051=\":443\"; ma=2592000,h3-Q050=\":443\"; ma=2592000,h3-Q046=\":443\"; ma=2592000,h3-Q043=\":443\"; ma=2592000,quic=\":443\"; ma=2592000; v=\"46,43\"","accept-ranges":"none","transfer-encoding":"chunked"}
[debug] [2021-02-11T01:55:54.203Z] >>> HTTP REQUEST GET https://cloudfunctions.googleapis.com/v1/operations/ZWFzZWF0dGVuZGFuY2UtYzY4ZWQvdXMtY2VudHJhbDEvYXBwL3ZDelhhWTUybkRJ  
 
[debug] [2021-02-11T01:55:54.476Z] <<< HTTP RESPONSE 200 {"content-type":"application/json; charset=UTF-8","vary":"X-Origin, Referer, Origin,Accept-Encoding","date":"Thu, 11 Feb 2021 01:55:54 GMT","server":"ESF","cache-control":"private","x-xss-protection":"0","x-frame-options":"SAMEORIGIN","x-content-type-options":"nosniff","alt-svc":"h3-29=\":443\"; ma=2592000,h3-T051=\":443\"; ma=2592000,h3-Q050=\":443\"; ma=2592000,h3-Q046=\":443\"; ma=2592000,h3-Q043=\":443\"; ma=2592000,quic=\":443\"; ma=2592000; v=\"46,43\"","accept-ranges":"none","transfer-encoding":"chunked"}
